Arguments: 
  /Users/ruben/.nvm/versions/node/v8.11.1/bin/node /Users/ruben/.nvm/versions/node/v8.11.1/bin/yarn build:category

PATH: 
  /Users/ruben/.nvm/versions/node/v8.11.1/bin:/Users/ruben/.rvm/gems/ruby-2.2.3/bin:/Users/ruben/.rvm/gems/ruby-2.2.3@global/bin:/Users/ruben/.rvm/rubies/ruby-2.2.3/bin:/usr/local/opt/postgresql@9.5/bin:/usr/local/bin:/usr/bin:/bin:/usr/sbin:/sbin:/Users/ruben/.rvm/bin:/Users/ruben/.fzf/bin

Yarn version: 
  1.5.1

Node version: 
  8.11.1

Platform: 
  darwin x64

npm manifest: 
  {
    "name": "vue-airship",
    "version": "1.0.0",
    "main": "index.js",
    "license": "MIT",
    "devDependencies": {
      "@vue/web-component-wrapper": "^1.2.0",
      "vue": "^2.5.16"
    },
    "scripts": {
      "build:category": "vue-cli-service build --target wc --name category-widget ./src/components/CategoryWidget/index.js"
    }
  }

yarn manifest: 
  No manifest

Lockfile: 
  # THIS IS AN AUTOGENERATED FILE. DO NOT EDIT THIS FILE DIRECTLY.
  # yarn lockfile v1
  
  
  "@vue/web-component-wrapper@^1.2.0":
    version "1.2.0"
    resolved "https://registry.yarnpkg.com/@vue/web-component-wrapper/-/web-component-wrapper-1.2.0.tgz#bb0e46f1585a7e289b4ee6067dcc5a6ae62f1dd1"
  
  vue@^2.5.16:
    version "2.5.16"
    resolved "https://registry.yarnpkg.com/vue/-/vue-2.5.16.tgz#07edb75e8412aaeed871ebafa99f4672584a0085"

Trace: 
  Error: Command failed.
  Exit code: 127
  Command: sh
  Arguments: -c vue-cli-service build --target wc --name category-widget ./src/components/CategoryWidget/index.js
  Directory: /Users/ruben/Projects/vue-airship
  Output:
  
      at ProcessTermError.MessageError (/Users/ruben/.nvm/versions/node/v8.11.1/lib/node_modules/yarn/lib/cli.js:186:110)
      at new ProcessTermError (/Users/ruben/.nvm/versions/node/v8.11.1/lib/node_modules/yarn/lib/cli.js:226:113)
      at ChildProcess.<anonymous> (/Users/ruben/.nvm/versions/node/v8.11.1/lib/node_modules/yarn/lib/cli.js:30281:17)
      at emitTwo (events.js:126:13)
      at ChildProcess.emit (events.js:214:7)
      at maybeClose (internal/child_process.js:925:16)
      at Process.ChildProcess._handle.onexit (internal/child_process.js:209:5)
